{"name": "test_search_usage[chrome]", "status": "broken", "statusDetails": {"message": "selenium.common.exceptions.TimeoutException: Message:", "trace": "self = <Tests.Test_Homepage.Test_Homepage object at 0x000001F8A7E18F10>\n\n    @allure.severity(allure.severity_level.NORMAL)\n    def test_search_usage(self):\n        self.homePage = HomePage(self.driver)\n        self.webPage = WebPage(self.driver)\n        self.homePage.do_search(TestWeb.TestSearchWord)\n>       flag = self.webPage.action_click(HomePage.search_result)\n\nTests\\Test_Homepage.py:38: \n_ _ _ _ _ _ _ _ _ _ _ _ _ _ _ _ _ _ _ _ _ _ _ _ _ _ _ _ _ _ _ _ _ _ _ _ _ _ _ _ _ _ _ _ _ _ _ _ _ _ _ _ _ _ _ _ _ _ _ _ _ _ _ _ _ _ _ _ _ _ _ _ _ _ _ _ _ _ _ _ _ _ _ _ _ _ _ _ _ _ _ _\nPages\\function.py:22: in action_click\n    WebDriverWait(self.driver, 10).until(EC.visibility_of_element_located(by_locator)).click()\n_ _ _ _ _ _ _ _ _ _ _ _ _ _ _ _ _ _ _ _ _ _ _ _ _ _ _ _ _ _ _ _ _ _ _ _ _ _ _ _ _ _ _ _ _ _ _ _ _ _ _ _ _ _ _ _ _ _ _ _ _ _ _ _ _ _ _ _ _ _ _ _ _ _ _ _ _ _ _ _ _ _ _ _ _ _ _ _ _ _ _ _\n\nself = <selenium.webdriver.support.wait.WebDriverWait (session=\"51c943984131cf3d81a0ab1435acce29\")>\nmethod = <selenium.webdriver.support.expected_conditions.visibility_of_element_located object at 0x000001F8A7E54D00>, message = ''\n\n    def until(self, method, message=''):\n        \"\"\"Calls the method provided with the driver as an argument until the \\\n        return value is not False.\"\"\"\n        screen = None\n        stacktrace = None\n    \n        end_time = time.time() + self._timeout\n        while True:\n            try:\n                value = method(self._driver)\n                if value:\n                    return value\n            except self._ignored_exceptions as exc:\n                screen = getattr(exc, 'screen', None)\n                stacktrace = getattr(exc, 'stacktrace', None)\n            time.sleep(self._poll)\n            if time.time() > end_time:\n                break\n>       raise TimeoutException(message, screen, stacktrace)\nE       selenium.common.exceptions.TimeoutException: Message:\n\nvenv\\lib\\site-packages\\selenium\\webdriver\\support\\wait.py:80: TimeoutException"}, "parameters": [{"name": "init_driver", "value": "'chrome'"}], "start": 1615936087667, "stop": 1615936099722, "uuid": "a9e0d457-abfd-47c3-a951-e44cd62c3701", "historyId": "3a2f4fcbe4228c2b57f10db7e239b2c8", "testCaseId": "a48102a5d6f1955a3f2968681cc36181", "fullName": "Tests.Test_Homepage.Test_Homepage#test_search_usage", "labels": [{"name": "severity", "value": "normal"}, {"name": "tag", "value": "@pytest.mark.usefixtures('init_driver')"}, {"name": "parentSuite", "value": "Tests"}, {"name": "suite", "value": "Test_Homepage"}, {"name": "subSuite", "value": "Test_Homepage"}, {"name": "host", "value": "DESKTOP-C0MQJUT"}, {"name": "thread", "value": "2460-MainThread"}, {"name": "framework", "value": "pytest"}, {"name": "language", "value": "cpython3"}, {"name": "package", "value": "Tests.Test_Homepage"}]}